[07-Mar-2020 14:25:05 UTC] PHP Notice:  Undefined offset: 1 in C:\wamp64\www\welitondesignweb.com\GitHub\Layout-Responsivo\log\errorLog.php on line 49
[07-Mar-2020 14:25:05 UTC] PHP Stack trace:
[07-Mar-2020 14:25:05 UTC] PHP   1. {main}() C:\wamp64\www\welitondesignweb.com\GitHub\Layout-Responsivo\index.php:0
[07-Mar-2020 14:25:05 UTC] PHP   2. require_once() C:\wamp64\www\welitondesignweb.com\GitHub\Layout-Responsivo\index.php:27
[07-Mar-2020 14:25:05 UTC] PHP   3. include_once() C:\wamp64\www\welitondesignweb.com\GitHub\Layout-Responsivo\footer.php:2
[07-Mar-2020 14:25:05 UTC] PHP   4. logError->__construct() C:\wamp64\www\welitondesignweb.com\GitHub\Layout-Responsivo\log\menuLog.php:5
[07-Mar-2020 14:25:05 UTC] PHP   5. logError->getLog() C:\wamp64\www\welitondesignweb.com\GitHub\Layout-Responsivo\log\errorLog.php:36
[07-Mar-2020 14:25:05 UTC] PHP Notice:  Undefined offset: -5 in C:\wamp64\www\welitondesignweb.com\GitHub\Layout-Responsivo\log\errorLog.php on line 49
[07-Mar-2020 14:25:05 UTC] PHP Stack trace:
[07-Mar-2020 14:25:05 UTC] PHP   1. {main}() C:\wamp64\www\welitondesignweb.com\GitHub\Layout-Responsivo\index.php:0
[07-Mar-2020 14:25:05 UTC] PHP   2. require_once() C:\wamp64\www\welitondesignweb.com\GitHub\Layout-Responsivo\index.php:27
[07-Mar-2020 14:25:05 UTC] PHP   3. include_once() C:\wamp64\www\welitondesignweb.com\GitHub\Layout-Responsivo\footer.php:2
[07-Mar-2020 14:25:05 UTC] PHP   4. logError->__construct() C:\wamp64\www\welitondesignweb.com\GitHub\Layout-Responsivo\log\menuLog.php:5
[07-Mar-2020 14:25:05 UTC] PHP   5. logError->getLog() C:\wamp64\www\welitondesignweb.com\GitHub\Layout-Responsivo\log\errorLog.php:36
[07-Mar-2020 14:25:05 UTC] PHP Notice:  Undefined offset: 2 in C:\wamp64\www\welitondesignweb.com\GitHub\Layout-Responsivo\log\errorLog.php on line 49
[07-Mar-2020 14:25:05 UTC] PHP Stack trace:
[07-Mar-2020 14:25:05 UTC] PHP   1. {main}() C:\wamp64\www\welitondesignweb.com\GitHub\Layout-Responsivo\index.php:0
[07-Mar-2020 14:25:05 UTC] PHP   2. require_once() C:\wamp64\www\welitondesignweb.com\GitHub\Layout-Responsivo\index.php:27
[07-Mar-2020 14:25:05 UTC] PHP   3. include_once() C:\wamp64\www\welitondesignweb.com\GitHub\Layout-Responsivo\footer.php:2
[07-Mar-2020 14:25:05 UTC] PHP   4. logError->__construct() C:\wamp64\www\welitondesignweb.com\GitHub\Layout-Responsivo\log\menuLog.php:5
[07-Mar-2020 14:25:05 UTC] PHP   5. logError->getLog() C:\wamp64\www\welitondesignweb.com\GitHub\Layout-Responsivo\log\errorLog.php:36
[07-Mar-2020 14:25:05 UTC] PHP Notice:  Undefined offset: -5 in C:\wamp64\www\welitondesignweb.com\GitHub\Layout-Responsivo\log\errorLog.php on line 50
[07-Mar-2020 14:25:05 UTC] PHP Stack trace:
[07-Mar-2020 14:25:05 UTC] PHP   1. {main}() C:\wamp64\www\welitondesignweb.com\GitHub\Layout-Responsivo\index.php:0
[07-Mar-2020 14:25:05 UTC] PHP   2. require_once() C:\wamp64\www\welitondesignweb.com\GitHub\Layout-Responsivo\index.php:27
[07-Mar-2020 14:25:05 UTC] PHP   3. include_once() C:\wamp64\www\welitondesignweb.com\GitHub\Layout-Responsivo\footer.php:2
[07-Mar-2020 14:25:05 UTC] PHP   4. logError->__construct() C:\wamp64\www\welitondesignweb.com\GitHub\Layout-Responsivo\log\menuLog.php:5
[07-Mar-2020 14:25:05 UTC] PHP   5. logError->getLog() C:\wamp64\www\welitondesignweb.com\GitHub\Layout-Responsivo\log\errorLog.php:36
[07-Mar-2020 14:25:05 UTC] PHP Notice:  Undefined offset: 3 in C:\wamp64\www\welitondesignweb.com\GitHub\Layout-Responsivo\log\errorLog.php on line 50
[07-Mar-2020 14:25:05 UTC] PHP Stack trace:
[07-Mar-2020 14:25:05 UTC] PHP   1. {main}() C:\wamp64\www\welitondesignweb.com\GitHub\Layout-Responsivo\index.php:0
[07-Mar-2020 14:25:05 UTC] PHP   2. require_once() C:\wamp64\www\welitondesignweb.com\GitHub\Layout-Responsivo\index.php:27
[07-Mar-2020 14:25:05 UTC] PHP   3. include_once() C:\wamp64\www\welitondesignweb.com\GitHub\Layout-Responsivo\footer.php:2
[07-Mar-2020 14:25:05 UTC] PHP   4. logError->__construct() C:\wamp64\www\welitondesignweb.com\GitHub\Layout-Responsivo\log\menuLog.php:5
[07-Mar-2020 14:25:05 UTC] PHP   5. logError->getLog() C:\wamp64\www\welitondesignweb.com\GitHub\Layout-Responsivo\log\errorLog.php:36
